0    [main] INFO  eclipse.emf.mwe.core.WorkflowEngine  - --------------------------------------------------------------------------------------
0    [main] INFO  eclipse.emf.mwe.core.WorkflowEngine  - EMF Modeling Workflow Engine 1.2.1, Build v201306110341
0    [main] INFO  eclipse.emf.mwe.core.WorkflowEngine  - (c) 2005-2009 openarchitectureware.org and contributors
0    [main] INFO  eclipse.emf.mwe.core.WorkflowEngine  - --------------------------------------------------------------------------------------
0    [main] INFO  eclipse.emf.mwe.core.WorkflowEngine  - running workflow: C:/Users/Javier/Desktop/OOH4RIA/BalumaProject/templates/workflow/generator.mwe
0    [main] INFO  eclipse.emf.mwe.core.WorkflowEngine  - 
484  [main] INFO  lipse.emf.mwe.utils.StandaloneSetup  - Registering platform uri 'C:\Users\Javier\Desktop\OOH4RIA'
735  [main] INFO  lipse.emf.mwe.utils.StandaloneSetup  - Adding generated EPackage 'es.ua.dlsi.ooh.conceptualView.ConceptualViewPackage'
844  [main] INFO  lipse.emf.mwe.utils.StandaloneSetup  - Adding generated EPackage 'org.eclipse.gmf.runtime.notation.NotationPackage'
984  [main] INFO  e.core.container.CompositeComponent  - Workflow: executing workflow workflow::nhibernate::generator.mwe in C:/Users/Javier/Desktop/OOH4RIA/BalumaProject/templates/workflow/generator.mwe:10
984  [main] INFO  e.core.container.CompositeComponent  - XmiReader: file 'models/default.domainModel' => slot 'es_ua_dlsi_ooh_conceptual_model'
1203 [main] INFO  e.core.container.CompositeComponent  - CheckComponent: slot es_ua_dlsi_ooh_conceptual_model check file(s): metamodel::Checks 
1703 [main] INFO  e.core.container.CompositeComponent  - Generator(nhibernate.generator): generating 'workflow::nhibernate::workflow::main FOR true' => [../BalumaProjectGen, CONFIGURATION:../BalumaProjectGen(overwrite=false,append=false,fileEncoding=utf-8)]
configuroConf:C:\Users\Javier\AppData\Local\Temp\OOH4RIA1796563223808903844.cfg
enc:utf-8
2172 [main] INFO  and2.pr.ProtectedRegionResolverImpl  - Source scan started ...
2172 [main] INFO  and2.pr.ProtectedRegionResolverImpl  - Source scan finished in 0.0s
2172 [main] INFO  and2.pr.ProtectedRegionResolverImpl  - Files scanned: 4
2172 [main] INFO  and2.pr.ProtectedRegionResolverImpl  - Regions found: 0
enc:utf-8
enc:utf-8
enc:utf-8
enc:utf-8
enc:utf-8
enc:utf-8
enc:utf-8
enc:utf-8
enc:utf-8
enc:utf-8
enc:utf-8
enc:utf-8
enc:utf-8
enc:utf-8
enc:utf-8
enc:utf-8
enc:utf-8
enc:utf-8
enc:utf-8
enc:utf-8
enc:utf-8
enc:utf-8
enc:utf-8
enc:utf-8
enc:utf-8
enc:utf-8
enc:utf-8
enc:utf-8
enc:utf-8
enc:utf-8
enc:utf-8
enc:utf-8
enc:utf-8
enc:utf-8
enc:utf-8
enc:utf-8
enc:utf-8
enc:utf-8
enc:utf-8
enc:utf-8
enc:utf-8
enc:utf-8
enc:utf-8
enc:utf-8
enc:utf-8
enc:utf-8
enc:utf-8
enc:utf-8
enc:utf-8
enc:utf-8
enc:utf-8
enc:utf-8
enc:utf-8
enc:utf-8
enc:utf-8
enc:utf-8
enc:utf-8
enc:utf-8
enc:utf-8
enc:utf-8
enc:utf-8
enc:utf-8
enc:utf-8
enc:utf-8
enc:utf-8
enc:utf-8
enc:utf-8
enc:utf-8
enc:utf-8
enc:utf-8
enc:utf-8
enc:utf-8
enc:utf-8
enc:utf-8
enc:utf-8
enc:utf-8
enc:utf-8
enc:utf-8
14203 [main] INFO         org.eclipse.xpand2.Generator  - Written 101 files to outlet [default](../BalumaProjectGen)
14203 [main] INFO         org.eclipse.xpand2.Generator  - Skipped writing of 1 files to outlet [default](../BalumaProjectGen)
14203 [main] INFO  e.core.container.CompositeComponent  - es.ua.dlsi.ooh.persistence.nhibernate.generator.workflowComponents.CreateSolution
14219 [main] INFO  e.core.container.CompositeComponent  - es.ua.dlsi.ooh.persistence.nhibernate.generator.workflowComponents.UpdateSolution
14235 [main] INFO  e.core.container.CompositeComponent  - es.ua.dlsi.ooh.persistence.nhibernate.generator.workflowComponents.CopyDLLs
../BalumaProjectGen\BalumaProjectGenNHibernate\AppLib\Antlr3.Runtime.dll
../BalumaProjectGen\BalumaProjectGenNHibernate\AppLib\Castle.DynamicProxy2.dll
../BalumaProjectGen\BalumaProjectGenNHibernate\AppLib\Iesi.Collections.dll
../BalumaProjectGen\BalumaProjectGenNHibernate\AppLib\LinFu.DynamicProxy.dll
../BalumaProjectGen\BalumaProjectGenNHibernate\AppLib\log4net.dll
../BalumaProjectGen\BalumaProjectGenNHibernate\AppLib\NHibernate.ByteCode.Castle.dll
../BalumaProjectGen\BalumaProjectGenNHibernate\AppLib\NHibernate.ByteCode.LinFu.dll
../BalumaProjectGen\BalumaProjectGenNHibernate\AppLib\NHibernate.dll
../BalumaProjectGen\BalumaProjectGenNHibernate\AppLib\nunit.core.dll
../BalumaProjectGen\BalumaProjectGenNHibernate\AppLib\nunit.framework.dll
14453 [main] INFO  eclipse.emf.mwe.core.WorkflowEngine  - workflow completed in 13469ms!
